<?xml version="1.0" encoding="UTF-8"?>
<testng-results ignored="0" total="1" passed="1" failed="0" skipped="0">
  <reporter-output>
  </reporter-output>
  <suite started-at="2022-08-04T17:32:06Z" name="Default suite" finished-at="2022-08-04T17:32:09Z" duration-ms="3819">
    <groups>
    </groups>
    <test started-at="2022-08-04T17:32:06Z" name="Default test" finished-at="2022-08-04T17:32:09Z" duration-ms="3819">
      <class name="apiChaining.EndToEndEmployeeTest">
        <test-method signature="test1()[pri:0, instance:apiChaining.EndToEndEmployeeTest@4eaf3684]" started-at="2022-08-04T17:32:06Z" name="test1" finished-at="2022-08-04T17:32:09Z" duration-ms="3794" status="PASS">
          <reporter-output>
          </reporter-output>
        </test-method> <!-- test1 -->
      </class> <!-- apiChaining.EndToEndEmployeeTest -->
    </test> <!-- Default test -->
  </suite> <!-- Default suite -->
</testng-results>
